build/outputs/logs/manifest-merger-debug-report.txt
-- Merging decision tree log ---
manifest
ADDED from samples/sinch-rtc-sample-video/AndroidManifest.xml:2:1-39:12
	package
		ADDED from samples/sinch-rtc-sample-video/AndroidManifest.xml:3:11-55
		INJECTED from samples/sinch-rtc-sample-video/AndroidManifest.xml
		INJECTED from samples/sinch-rtc-sample-video/AndroidManifest.xml
	android:versionName
		ADDED from samples/sinch-rtc-sample-video/AndroidManifest.xml:5:11-36
		INJECTED from samples/sinch-rtc-sample-video/AndroidManifest.xml
		INJECTED from samples/sinch-rtc-sample-video/AndroidManifest.xml
	android:versionCode
		ADDED from samples/sinch-rtc-sample-video/AndroidManifest.xml:4:11-34
		INJECTED from samples/sinch-rtc-sample-video/AndroidManifest.xml
		INJECTED from samples/sinch-rtc-sample-video/AndroidManifest.xml
	xmlns:android
		ADDED from samples/sinch-rtc-sample-video/AndroidManifest.xml:2:11-69
uses-feature#android.hardware.microphone
ADDED from samples/sinch-rtc-sample-video/AndroidManifest.xml:7:5-9:39
	android:required
		ADDED from samples/sinch-rtc-sample-video/AndroidManifest.xml:9:13-37
	android:name
		ADDED from samples/sinch-rtc-sample-video/AndroidManifest.xml:8:13-55
uses-permission#android.permission.INTERNET
ADDED from samples/sinch-rtc-sample-video/AndroidManifest.xml:11:5-66
	android:name
		ADDED from samples/sinch-rtc-sample-video/AndroidManifest.xml:11:22-64
uses-permission#android.permission.RECORD_AUDIO
ADDED from samples/sinch-rtc-sample-video/AndroidManifest.xml:12:5-70
	android:name
		ADDED from samples/sinch-rtc-sample-video/AndroidManifest.xml:12:22-68
uses-permission#android.permission.MODIFY_AUDIO_SETTINGS
ADDED from samples/sinch-rtc-sample-video/AndroidManifest.xml:13:5-79
	android:name
		ADDED from samples/sinch-rtc-sample-video/AndroidManifest.xml:13:22-77
uses-permission#android.permission.READ_PHONE_STATE
ADDED from samples/sinch-rtc-sample-video/AndroidManifest.xml:14:5-74
	android:name
		ADDED from samples/sinch-rtc-sample-video/AndroidManifest.xml:14:22-72
uses-permission#android.permission.ACCESS_NETWORK_STATE
ADDED from samples/sinch-rtc-sample-video/AndroidManifest.xml:15:5-78
	android:name
		ADDED from samples/sinch-rtc-sample-video/AndroidManifest.xml:15:22-76
uses-permission#android.permission.CAMERA
ADDED from samples/sinch-rtc-sample-video/AndroidManifest.xml:16:5-64
	android:name
		ADDED from samples/sinch-rtc-sample-video/AndroidManifest.xml:16:22-62
application
ADDED from samples/sinch-rtc-sample-video/AndroidManifest.xml:18:5-37:19
MERGED from [:sinch-android-rtc:3.12.3] AndroidManifest.xml:11:5-17:19
MERGED from [com.android.support:support-v4:25.2.0] AndroidManifest.xml:25:5-20
MERGED from [com.android.support:support-compat:25.2.0] AndroidManifest.xml:25:5-20
MERGED from [com.android.support:support-media-compat:25.2.0] AndroidManifest.xml:25:5-20
MERGED from [com.android.support:support-core-utils:25.2.0] AndroidManifest.xml:25:5-20
MERGED from [com.android.support:support-core-ui:25.2.0] AndroidManifest.xml:25:5-20
MERGED from [com.android.support:support-fragment:25.2.0] AndroidManifest.xml:25:5-20
	android:label
		ADDED from samples/sinch-rtc-sample-video/AndroidManifest.xml:21:13-45
	android:allowBackup
		ADDED from samples/sinch-rtc-sample-video/AndroidManifest.xml:19:13-39
	android:icon
		ADDED from samples/sinch-rtc-sample-video/AndroidManifest.xml:20:13-42
	android:theme
		ADDED from samples/sinch-rtc-sample-video/AndroidManifest.xml:22:13-44
service#com.sinch.android.rtc.sample.video.SinchService
ADDED from samples/sinch-rtc-sample-video/AndroidManifest.xml:23:9-57
	android:name
		ADDED from samples/sinch-rtc-sample-video/AndroidManifest.xml:23:18-46
activity#com.sinch.android.rtc.sample.video.LoginActivity
ADDED from samples/sinch-rtc-sample-video/AndroidManifest.xml:24:9-32:20
	android:screenOrientation
		ADDED from samples/sinch-rtc-sample-video/AndroidManifest.xml:27:17-53
	android:label
		ADDED from samples/sinch-rtc-sample-video/AndroidManifest.xml:26:17-49
	android:name
		ADDED from samples/sinch-rtc-sample-video/AndroidManifest.xml:25:17-46
intent-filter#android.intent.action.MAIN+android.intent.category.LAUNCHER
ADDED from samples/sinch-rtc-sample-video/AndroidManifest.xml:28:13-31:29
action#android.intent.action.MAIN
ADDED from samples/sinch-rtc-sample-video/AndroidManifest.xml:29:17-68
	android:name
		ADDED from samples/sinch-rtc-sample-video/AndroidManifest.xml:29:25-66
category#android.intent.category.LAUNCHER
ADDED from samples/sinch-rtc-sample-video/AndroidManifest.xml:30:17-76
	android:name
		ADDED from samples/sinch-rtc-sample-video/AndroidManifest.xml:30:27-74
activity#com.sinch.android.rtc.sample.video.CallScreenActivity
ADDED from samples/sinch-rtc-sample-video/AndroidManifest.xml:33:9-55
	android:name
		ADDED from samples/sinch-rtc-sample-video/AndroidManifest.xml:33:19-53
activity#com.sinch.android.rtc.sample.video.IncomingCallScreenActivity
ADDED from samples/sinch-rtc-sample-video/AndroidManifest.xml:34:9-35:45
	android:screenOrientation
		ADDED from samples/sinch-rtc-sample-video/AndroidManifest.xml:34:62-98
	android:noHistory
		ADDED from samples/sinch-rtc-sample-video/AndroidManifest.xml:35:19-43
	android:name
		ADDED from samples/sinch-rtc-sample-video/AndroidManifest.xml:34:19-61
activity#com.sinch.android.rtc.sample.video.PlaceCallActivity
ADDED from samples/sinch-rtc-sample-video/AndroidManifest.xml:36:9-91
	android:screenOrientation
		ADDED from samples/sinch-rtc-sample-video/AndroidManifest.xml:36:53-89
	android:name
		ADDED from samples/sinch-rtc-sample-video/AndroidManifest.xml:36:19-52
uses-sdk
INJECTED from samples/sinch-rtc-sample-video/AndroidManifest.xml reason: use-sdk injection requested
MERGED from [:sinch-android-rtc:3.12.3] AndroidManifest.xml:7:5-9:41
MERGED from [com.android.support:support-v4:25.2.0] AndroidManifest.xml:21:5-23:54
MERGED from [com.android.support:support-compat:25.2.0] AndroidManifest.xml:21:5-23:58
MERGED from [com.android.support:support-media-compat:25.2.0] AndroidManifest.xml:21:5-23:63
MERGED from [com.android.support:support-core-utils:25.2.0] AndroidManifest.xml:21:5-23:61
MERGED from [com.android.support:support-core-ui:25.2.0] AndroidManifest.xml:21:5-23:58
MERGED from [com.android.support:support-fragment:25.2.0] AndroidManifest.xml:21:5-23:60
	tools:overrideLibrary
		ADDED from [com.android.support:support-v4:25.2.0] AndroidManifest.xml:23:9-51
	android:targetSdkVersion
		INJECTED from samples/sinch-rtc-sample-video/AndroidManifest.xml
		INJECTED from samples/sinch-rtc-sample-video/AndroidManifest.xml
	android:minSdkVersion
		INJECTED from samples/sinch-rtc-sample-video/AndroidManifest.xml
		INJECTED from samples/sinch-rtc-sample-video/AndroidManifest.xml
service#com.sinch.android.rtc.internal.client.fcm.InstanceIDTokenService
ADDED from [:sinch-android-rtc:3.12.3] AndroidManifest.xml:12:9-16:19
	android:name
		ADDED from [:sinch-android-rtc:3.12.3] AndroidManifest.xml:12:18-97
intent-filter#com.google.firebase.INSTANCE_ID_EVENT
ADDED from [:sinch-android-rtc:3.12.3] AndroidManifest.xml:13:13-15:29
action#com.google.firebase.INSTANCE_ID_EVENT
ADDED from [:sinch-android-rtc:3.12.3] AndroidManifest.xml:14:17-80
	android:name
		ADDED from [:sinch-android-rtc:3.12.3] AndroidManifest.xml:14:25-77